total 68K
-rw-r--r-- 1 jesher jesher 4,5K jun  3 23:38 10ComandosArchLinux.txt
drwxr-xr-x 3 jesher jesher 4,0K jun 12 19:06 aulaLinux
-rw-r--r-- 1 jesher jesher  625 jun  3 23:06 barra favoritos.txt
drwxr-xr-x 2 jesher jesher 4,0K jun  2 06:07 bin
drwxr-xr-x 3 jesher jesher 4,0K jun  2 06:35 Documents
drwxr-xr-x 2 jesher jesher 4,0K jun 12 15:13 Downloads
-rw-r--r-- 1 jesher jesher 7,7K jun 12 19:52 histórico_Comandos.log
drwxr-xr-x 2 jesher jesher 4,0K jun  2 06:07 Music
drwxr-xr-x 3 jesher jesher 4,0K jun  2 06:29 Pictures
drwxr-xr-x 2 jesher jesher 4,0K jun  2 06:07 Public
-rw-r--r-- 1 jesher jesher  406 jun  3 21:25 ScriptdeAtualização.txt
-rwxrwxr-x 1 jesher jesher  405 jun  3 21:24 scriptteste.sh
drwxr-xr-x 2 jesher jesher 4,0K jun  2 06:07 Templates
-rwxrwxr-x 1 jesher jesher  164 jun  3 22:12 testepython.sh
drwxr-xr-x 2 jesher jesher 4,0K jun  2 06:07 Videos
________________________________
sáb jun 12 20:17:27 -03 2021

foi usado com os comandos ls -lh /home/jesher > listagem.out
e
date >> listagem.out <<--- para acrescentar
